<?xml version="1.0" encoding="UTF-8"?>
<!-- Generated by org.testng.reporters.JUnitXMLReporter -->
<testsuite ignored="0" hostname="DESKTOP-0O2L4MQ" failures="0" tests="6" name="Surefire test" time="22.728" errors="0" timestamp="2022-12-07T16:39:31 AMT">
  <testcase classname="CartFunctionalityTests" name="@BeforeMethod initDriverAndLoginAccountAndSetDeliveryAddress" time="19.346">
    <failure type="org.openqa.selenium.ElementClickInterceptedException" message="element click intercepted: Element &amp;lt;span class=&amp;quot;MuiButton-label&amp;quot;&amp;gt;...&amp;lt;/span&amp;gt; is not clickable at point (926, 38). Other element would receive the click: &amp;lt;div class=&amp;quot;MuiDialog-container MuiDialog-scrollPaper&amp;quot; role=&amp;quot;none presentation&amp;quot; tabindex=&amp;quot;-1&amp;quot; style=&amp;quot;opacity: 1; transition: opacity 225ms cubic-bezier(0.4, 0, 0.2, 1) 0ms;&amp;quot;&amp;gt;...&amp;lt;/div&amp;gt;
  (Session info: chrome=108.0.5359.94)
Build info: version: &amp;apos;4.6.0&amp;apos;, revision: &amp;apos;79f1c02ae20&amp;apos;
System info: os.name: &amp;apos;Windows 10&amp;apos;, os.arch: &amp;apos;amd64&amp;apos;, os.version: &amp;apos;10.0&amp;apos;, java.version: &amp;apos;17.0.2&amp;apos;
Driver info: org.openqa.selenium.chrome.ChromeDriver
Command: [ffa5396b1945aefaa1fe16ce457b0c37, clickElement {id=27520950-2737-4952-81d9-66a894efff29}]
Capabilities {acceptInsecureCerts: false, browserName: chrome, browserVersion: 108.0.5359.94, chrome: {chromedriverVersion: 108.0.5359.71 (1e0e3868ee06..., userDataDir: C:\Users\Hamlet\AppData\Loc...}, goog:chromeOptions: {debuggerAddress: localhost:52779}, networkConnectionEnabled: false, pageLoadStrategy: normal, platformName: WINDOWS, proxy: Proxy(), se:cdp: ws://localhost:52779/devtoo..., se:cdpVersion: 108.0.5359.94, setWindowRect: true, strictFileInteractability: false, timeouts: {implicit: 0, pageLoad: 300000, script: 30000}, unhandledPromptBehavior: dismiss and notify, webauthn:extension:credBlob: true, webauthn:extension:largeBlob: true, webauthn:virtualAuthenticators: true}
Element: [[ChromeDriver: chrome on WINDOWS (ffa5396b1945aefaa1fe16ce457b0c37)] -&amp;gt; xpath: //span[text()=&amp;apos;Մուտք&amp;apos;]]
Session ID: ffa5396b1945aefaa1fe16ce457b0c37">
      <![CDATA[org.openqa.selenium.ElementClickInterceptedException: element click intercepted: Element <span class="MuiButton-label">...</span> is not clickable at point (926, 38). Other element would receive the click: <div class="MuiDialog-container MuiDialog-scrollPaper" role="none presentation" tabindex="-1" style="opacity: 1; transition: opacity 225ms cubic-bezier(0.4, 0, 0.2, 1) 0ms;">...</div>
  (Session info: chrome=108.0.5359.94)
Build info: version: '4.6.0', revision: '79f1c02ae20'
System info: os.name: 'Windows 10', os.arch: 'amd64', os.version: '10.0', java.version: '17.0.2'
Driver info: org.openqa.selenium.chrome.ChromeDriver
Command: [ffa5396b1945aefaa1fe16ce457b0c37, clickElement {id=27520950-2737-4952-81d9-66a894efff29}]
Capabilities {acceptInsecureCerts: false, browserName: chrome, browserVersion: 108.0.5359.94, chrome: {chromedriverVersion: 108.0.5359.71 (1e0e3868ee06..., userDataDir: C:\Users\Hamlet\AppData\Loc...}, goog:chromeOptions: {debuggerAddress: localhost:52779}, networkConnectionEnabled: false, pageLoadStrategy: normal, platformName: WINDOWS, proxy: Proxy(), se:cdp: ws://localhost:52779/devtoo..., se:cdpVersion: 108.0.5359.94, setWindowRect: true, strictFileInteractability: false, timeouts: {implicit: 0, pageLoad: 300000, script: 30000}, unhandledPromptBehavior: dismiss and notify, webauthn:extension:credBlob: true, webauthn:extension:largeBlob: true, webauthn:virtualAuthenticators: true}
Element: [[ChromeDriver: chrome on WINDOWS (ffa5396b1945aefaa1fe16ce457b0c37)] -> xpath: //span[text()='Մուտք']]
Session ID: ffa5396b1945aefaa1fe16ce457b0c37
at org.openqa.selenium.remote.codec.w3c.W3CHttpResponseCodec.createException(W3CHttpResponseCodec.java:200)
at org.openqa.selenium.remote.codec.w3c.W3CHttpResponseCodec.decode(W3CHttpResponseCodec.java:133)
at org.openqa.selenium.remote.codec.w3c.W3CHttpResponseCodec.decode(W3CHttpResponseCodec.java:53)
at org.openqa.selenium.remote.HttpCommandExecutor.execute(HttpCommandExecutor.java:184)
at org.openqa.selenium.remote.service.DriverCommandExecutor.invokeExecute(DriverCommandExecutor.java:167)
at org.openqa.selenium.remote.service.DriverCommandExecutor.execute(DriverCommandExecutor.java:142)
at org.openqa.selenium.remote.RemoteWebDriver.execute(RemoteWebDriver.java:541)
at org.openqa.selenium.remote.RemoteWebElement.execute(RemoteWebElement.java:257)
at org.openqa.selenium.remote.RemoteWebElement.click(RemoteWebElement.java:78)
at org.openqa.selenium.support.pagefactory.internal.LocatingElementHandler.invoke(LocatingElementHandler.java:52)
at jdk.proxy2/jdk.proxy2.$Proxy14.click(Unknown Source)
at pages.HomePage.loginAccount(HomePage.java:35)
at CartFunctionalityTests.initDriverAndLoginAccountAndSetDeliveryAddress(CartFunctionalityTests.java:33)
at java.base/java.util.concurrent.ThreadPoolExecutor.runWorker(ThreadPoolExecutor.java:1136)
at java.base/java.util.concurrent.ThreadPoolExecutor$Worker.run(ThreadPoolExecutor.java:635)
at java.base/java.lang.Thread.run(Thread.java:833)
... Removed 25 stack frames]]>
    </failure>
  </testcase> <!-- @BeforeMethod initDriverAndLoginAccountAndSetDeliveryAddress -->
  <testcase classname="CartFunctionalityTests" name="@AfterMethod clearCartAndLogOut" time="0.0">
    <skipped/>
  </testcase> <!-- @AfterMethod clearCartAndLogOut -->
  <testcase classname="CartFunctionalityTests" name="@BeforeMethod initDriverAndLoginAccountAndSetDeliveryAddress" time="0.0">
    <skipped/>
  </testcase> <!-- @BeforeMethod initDriverAndLoginAccountAndSetDeliveryAddress -->
  <testcase classname="CartFunctionalityTests" name="@AfterMethod clearCartAndLogOut" time="0.0">
    <skipped/>
  </testcase> <!-- @AfterMethod clearCartAndLogOut -->
  <testcase classname="CartFunctionalityTests" name="@BeforeMethod initDriverAndLoginAccountAndSetDeliveryAddress" time="0.0">
    <skipped/>
  </testcase> <!-- @BeforeMethod initDriverAndLoginAccountAndSetDeliveryAddress -->
  <testcase classname="CartFunctionalityTests" name="@AfterMethod clearCartAndLogOut" time="0.0">
    <skipped/>
  </testcase> <!-- @AfterMethod clearCartAndLogOut -->
  <testcase classname="CartFunctionalityTests" name="@BeforeMethod initDriverAndLoginAccountAndSetDeliveryAddress" time="0.0">
    <skipped/>
  </testcase> <!-- @BeforeMethod initDriverAndLoginAccountAndSetDeliveryAddress -->
  <testcase classname="CartFunctionalityTests" name="@AfterMethod clearCartAndLogOut" time="0.0">
    <skipped/>
  </testcase> <!-- @AfterMethod clearCartAndLogOut -->
  <testcase classname="CartFunctionalityTests" name="@BeforeMethod initDriverAndLoginAccountAndSetDeliveryAddress" time="0.0">
    <skipped/>
  </testcase> <!-- @BeforeMethod initDriverAndLoginAccountAndSetDeliveryAddress -->
  <testcase classname="CartFunctionalityTests" name="@AfterMethod clearCartAndLogOut" time="0.0">
    <skipped/>
  </testcase> <!-- @AfterMethod clearCartAndLogOut -->
  <testcase classname="CartFunctionalityTests" name="@AfterMethod clearCartAndLogOut" time="0.0">
    <skipped/>
  </testcase> <!-- @AfterMethod clearCartAndLogOut -->
  <testcase classname="CartFunctionalityTests" name="@AfterTest tearDown" time="0.0">
    <skipped/>
  </testcase> <!-- @AfterTest tearDown -->
  <testcase classname="CartFunctionalityTests" name="TestFour" time="0.001">
    <skipped/>
  </testcase> <!-- TestFour -->
  <testcase classname="CartFunctionalityTests" name="TestOne" time="0.0">
    <skipped/>
  </testcase> <!-- TestOne -->
  <testcase classname="CartFunctionalityTests" name="TestSix" time="0.001">
    <skipped/>
  </testcase> <!-- TestSix -->
  <testcase classname="CartFunctionalityTests" name="TestThree" time="0.0">
    <skipped/>
  </testcase> <!-- TestThree -->
  <testcase classname="CartFunctionalityTests" name="TestTwo" time="0.0">
    <skipped/>
  </testcase> <!-- TestTwo -->
  <testcase classname="CartFunctionalityTests" name="TestFive" time="0.0">
    <skipped/>
  </testcase> <!-- TestFive -->
</testsuite> <!-- Surefire test -->
