<?xml version="1.0" encoding="UTF-8"?>
<!-- Generated by org.testng.reporters.JUnitXMLReporter -->
<testsuite ignored="0" hostname="DESKTOP-0O2L4MQ" failures="0" tests="6" name="TestMenuAm" time="96.655" errors="0" timestamp="2022-12-03T15:07:45 AMT">
  <testcase classname="CartFunctionalityTests" name="@AfterMethod clearCartAndLogOut" time="10.734">
    <failure type="org.openqa.selenium.NoSuchElementException" message="no such element: Unable to locate element: {&amp;quot;method&amp;quot;:&amp;quot;xpath&amp;quot;,&amp;quot;selector&amp;quot;:&amp;quot;//span[text()=&amp;apos;Դատարկել&amp;apos;]&amp;quot;}
  (Session info: chrome=108.0.5359.94)
For documentation on this error, please visit: https://selenium.dev/exceptions/#no_such_element
Build info: version: &amp;apos;4.6.0&amp;apos;, revision: &amp;apos;79f1c02ae20&amp;apos;
System info: os.name: &amp;apos;Windows 10&amp;apos;, os.arch: &amp;apos;amd64&amp;apos;, os.version: &amp;apos;10.0&amp;apos;, java.version: &amp;apos;17.0.2&amp;apos;
Driver info: org.openqa.selenium.chrome.ChromeDriver
Command: [c1731b39a7e87b4d5fb04d7f3f29c0fa, findElement {using=xpath, value=//span[text()=&amp;apos;Դատարկել&amp;apos;]}]
Capabilities {acceptInsecureCerts: false, browserName: chrome, browserVersion: 108.0.5359.94, chrome: {chromedriverVersion: 108.0.5359.71 (1e0e3868ee06..., userDataDir: C:\Users\Hamlet\AppData\Loc...}, goog:chromeOptions: {debuggerAddress: localhost:55870}, networkConnectionEnabled: false, pageLoadStrategy: normal, platformName: WINDOWS, proxy: Proxy(), se:cdp: ws://localhost:55870/devtoo..., se:cdpVersion: 108.0.5359.94, setWindowRect: true, strictFileInteractability: false, timeouts: {implicit: 0, pageLoad: 300000, script: 30000}, unhandledPromptBehavior: dismiss and notify, webauthn:extension:credBlob: true, webauthn:extension:largeBlob: true, webauthn:virtualAuthenticators: true}
Session ID: c1731b39a7e87b4d5fb04d7f3f29c0fa">
      <![CDATA[org.openqa.selenium.NoSuchElementException: no such element: Unable to locate element: {"method":"xpath","selector":"//span[text()='Դատարկել']"}
  (Session info: chrome=108.0.5359.94)
For documentation on this error, please visit: https://selenium.dev/exceptions/#no_such_element
Build info: version: '4.6.0', revision: '79f1c02ae20'
System info: os.name: 'Windows 10', os.arch: 'amd64', os.version: '10.0', java.version: '17.0.2'
Driver info: org.openqa.selenium.chrome.ChromeDriver
Command: [c1731b39a7e87b4d5fb04d7f3f29c0fa, findElement {using=xpath, value=//span[text()='Դատարկել']}]
Capabilities {acceptInsecureCerts: false, browserName: chrome, browserVersion: 108.0.5359.94, chrome: {chromedriverVersion: 108.0.5359.71 (1e0e3868ee06..., userDataDir: C:\Users\Hamlet\AppData\Loc...}, goog:chromeOptions: {debuggerAddress: localhost:55870}, networkConnectionEnabled: false, pageLoadStrategy: normal, platformName: WINDOWS, proxy: Proxy(), se:cdp: ws://localhost:55870/devtoo..., se:cdpVersion: 108.0.5359.94, setWindowRect: true, strictFileInteractability: false, timeouts: {implicit: 0, pageLoad: 300000, script: 30000}, unhandledPromptBehavior: dismiss and notify, webauthn:extension:credBlob: true, webauthn:extension:largeBlob: true, webauthn:virtualAuthenticators: true}
Session ID: c1731b39a7e87b4d5fb04d7f3f29c0fa
at org.openqa.selenium.remote.codec.w3c.W3CHttpResponseCodec.createException(W3CHttpResponseCodec.java:200)
at org.openqa.selenium.remote.codec.w3c.W3CHttpResponseCodec.decode(W3CHttpResponseCodec.java:133)
at org.openqa.selenium.remote.codec.w3c.W3CHttpResponseCodec.decode(W3CHttpResponseCodec.java:53)
at org.openqa.selenium.remote.HttpCommandExecutor.execute(HttpCommandExecutor.java:184)
at org.openqa.selenium.remote.service.DriverCommandExecutor.invokeExecute(DriverCommandExecutor.java:167)
at org.openqa.selenium.remote.service.DriverCommandExecutor.execute(DriverCommandExecutor.java:142)
at org.openqa.selenium.remote.RemoteWebDriver.execute(RemoteWebDriver.java:541)
at org.openqa.selenium.remote.ElementLocation$ElementFinder$2.findElement(ElementLocation.java:162)
at org.openqa.selenium.remote.ElementLocation.findElement(ElementLocation.java:60)
at org.openqa.selenium.remote.RemoteWebDriver.findElement(RemoteWebDriver.java:365)
at org.openqa.selenium.remote.RemoteWebDriver.findElement(RemoteWebDriver.java:357)
at org.openqa.selenium.support.pagefactory.DefaultElementLocator.findElement(DefaultElementLocator.java:70)
at org.openqa.selenium.support.pagefactory.internal.LocatingElementHandler.invoke(LocatingElementHandler.java:39)
at jdk.proxy2/jdk.proxy2.$Proxy14.getWrappedElement(Unknown Source)
at org.openqa.selenium.remote.internal.WebElementToJsonConverter.apply(WebElementToJsonConverter.java:51)
at java.base/java.util.stream.ReferencePipeline$3$1.accept(ReferencePipeline.java:197)
at java.base/java.util.Spliterators$ArraySpliterator.forEachRemaining(Spliterators.java:992)
at java.base/java.util.stream.AbstractPipeline.copyInto(AbstractPipeline.java:509)
at java.base/java.util.stream.AbstractPipeline.wrapAndCopyInto(AbstractPipeline.java:499)
at java.base/java.util.stream.ReduceOps$ReduceOp.evaluateSequential(ReduceOps.java:921)
at java.base/java.util.stream.AbstractPipeline.evaluate(AbstractPipeline.java:234)
at java.base/java.util.stream.ReferencePipeline.collect(ReferencePipeline.java:682)
at org.openqa.selenium.remote.RemoteWebDriver.executeScript(RemoteWebDriver.java:475)
at pages.BasePage.clickByJavaScriptExecutor(BasePage.java:18)
at pages.CartPage.clearCart(CartPage.java:85)
at CartFunctionalityTests.clearCartAndLogOut(CartFunctionalityTests.java:118)
at java.base/java.util.ArrayList.forEach(ArrayList.java:1511)
... Removed 40 stack frames]]>
    </failure>
  </testcase> <!-- @AfterMethod clearCartAndLogOut -->
  <testcase classname="CartFunctionalityTests" name="@BeforeMethod initDriverAndLoginAccountAndSetDeliveryAddress" time="0.0">
    <skipped/>
  </testcase> <!-- @BeforeMethod initDriverAndLoginAccountAndSetDeliveryAddress -->
  <testcase classname="CartFunctionalityTests" name="@AfterMethod clearCartAndLogOut" time="0.0">
    <skipped/>
  </testcase> <!-- @AfterMethod clearCartAndLogOut -->
  <testcase classname="CartFunctionalityTests" name="@BeforeMethod initDriverAndLoginAccountAndSetDeliveryAddress" time="0.0">
    <skipped/>
  </testcase> <!-- @BeforeMethod initDriverAndLoginAccountAndSetDeliveryAddress -->
  <testcase classname="CartFunctionalityTests" name="@AfterMethod clearCartAndLogOut" time="0.0">
    <skipped/>
  </testcase> <!-- @AfterMethod clearCartAndLogOut -->
  <testcase classname="CartFunctionalityTests" name="@BeforeMethod initDriverAndLoginAccountAndSetDeliveryAddress" time="0.0">
    <skipped/>
  </testcase> <!-- @BeforeMethod initDriverAndLoginAccountAndSetDeliveryAddress -->
  <testcase classname="CartFunctionalityTests" name="@AfterMethod clearCartAndLogOut" time="0.0">
    <skipped/>
  </testcase> <!-- @AfterMethod clearCartAndLogOut -->
  <testcase classname="CartFunctionalityTests" name="@AfterTest tearDown" time="0.0">
    <skipped/>
  </testcase> <!-- @AfterTest tearDown -->
  <testcase classname="CartFunctionalityTests" name="TestFive" time="12.196"/>
  <testcase classname="CartFunctionalityTests" name="TestFour" time="10.816"/>
  <testcase classname="CartFunctionalityTests" name="TestOne" time="11.736"/>
  <testcase classname="CartFunctionalityTests" name="TestSix" time="0.0">
    <skipped/>
  </testcase> <!-- TestSix -->
  <testcase classname="CartFunctionalityTests" name="TestThree" time="0.0">
    <skipped/>
  </testcase> <!-- TestThree -->
  <testcase classname="CartFunctionalityTests" name="TestTwo" time="0.0">
    <skipped/>
  </testcase> <!-- TestTwo -->
</testsuite> <!-- TestMenuAm -->
